Determining if the pthread_create exist failed with the following output:
Change Dir: /home/cs18/Documents/GAMES101_Homework8_S2021/Assignment8/build/CMakeFiles/CMakeTmp

Run Build Command:"/usr/bin/make" "cmTC_c3a67/fast"
/usr/bin/make -f CMakeFiles/cmTC_c3a67.dir/build.make CMakeFiles/cmTC_c3a67.dir/build
make[1]: Entering directory '/home/cs18/Documents/GAMES101_Homework8_S2021/Assignment8/build/CMakeFiles/CMakeTmp'
Building C object CMakeFiles/cmTC_c3a67.dir/CheckSymbolExists.c.o
/usr/bin/cc    -o CMakeFiles/cmTC_c3a67.dir/CheckSymbolExists.c.o   -c /home/cs18/Documents/GAMES101_Homework8_S2021/Assignment8/build/CMakeFiles/CMakeTmp/CheckSymbolExists.c
Linking C executable cmTC_c3a67
/usr/bin/cmake -E cmake_link_script CMakeFiles/cmTC_c3a67.dir/link.txt --verbose=1
/usr/bin/cc      -rdynamic CMakeFiles/cmTC_c3a67.dir/CheckSymbolExists.c.o  -o cmTC_c3a67 
CMakeFiles/cmTC_c3a67.dir/CheckSymbolExists.c.o: In function `main':
CheckSymbolExists.c:(.text+0x1b): undefined reference to `pthread_create'
collect2: error: ld returned 1 exit status
CMakeFiles/cmTC_c3a67.dir/build.make:97: recipe for target 'cmTC_c3a67' failed
make[1]: *** [cmTC_c3a67] Error 1
make[1]: Leaving directory '/home/cs18/Documents/GAMES101_Homework8_S2021/Assignment8/build/CMakeFiles/CMakeTmp'
Makefile:126: recipe for target 'cmTC_c3a67/fast' failed
make: *** [cmTC_c3a67/fast] Error 2

File /home/cs18/Documents/GAMES101_Homework8_S2021/Assignment8/build/CMakeFiles/CMakeTmp/CheckSymbolExists.c:
/* */
#include <pthread.h>

int main(int argc, char** argv)
{
  (void)argv;
#ifndef pthread_create
  return ((int*)(&pthread_create))[argc];
#else
  (void)argc;
  return 0;
#endif
}

Determining if the function pthread_create exists in the pthreads failed with the following output:
Change Dir: /home/cs18/Documents/GAMES101_Homework8_S2021/Assignment8/build/CMakeFiles/CMakeTmp

Run Build Command:"/usr/bin/make" "cmTC_954f9/fast"
/usr/bin/make -f CMakeFiles/cmTC_954f9.dir/build.make CMakeFiles/cmTC_954f9.dir/build
make[1]: Entering directory '/home/cs18/Documents/GAMES101_Homework8_S2021/Assignment8/build/CMakeFiles/CMakeTmp'
Building C object CMakeFiles/cmTC_954f9.dir/CheckFunctionExists.c.o
/usr/bin/cc   -DCHECK_FUNCTION_EXISTS=pthread_create   -o CMakeFiles/cmTC_954f9.dir/CheckFunctionExists.c.o   -c /usr/share/cmake-3.10/Modules/CheckFunctionExists.c
Linking C executable cmTC_954f9
/usr/bin/cmake -E cmake_link_script CMakeFiles/cmTC_954f9.dir/link.txt --verbose=1
/usr/bin/cc  -DCHECK_FUNCTION_EXISTS=pthread_create    -rdynamic CMakeFiles/cmTC_954f9.dir/CheckFunctionExists.c.o  -o cmTC_954f9 -lpthreads 
/usr/bin/ld: cannot find -lpthreads
collect2: error: ld returned 1 exit status
CMakeFiles/cmTC_954f9.dir/build.make:97: recipe for target 'cmTC_954f9' failed
make[1]: *** [cmTC_954f9] Error 1
make[1]: Leaving directory '/home/cs18/Documents/GAMES101_Homework8_S2021/Assignment8/build/CMakeFiles/CMakeTmp'
Makefile:126: recipe for target 'cmTC_954f9/fast' failed
make: *** [cmTC_954f9/fast] Error 2


Determining if the function glXGetProcAddressEXT exists failed with the following output:
Change Dir: /home/cs18/Documents/GAMES101_Homework8_S2021/Assignment8/build/CMakeFiles/CMakeTmp

Run Build Command:"/usr/bin/make" "cmTC_2253c/fast"
/usr/bin/make -f CMakeFiles/cmTC_2253c.dir/build.make CMakeFiles/cmTC_2253c.dir/build
make[1]: Entering directory '/home/cs18/Documents/GAMES101_Homework8_S2021/Assignment8/build/CMakeFiles/CMakeTmp'
Building C object CMakeFiles/cmTC_2253c.dir/CheckFunctionExists.c.o
/usr/bin/cc   -DCHECK_FUNCTION_EXISTS=glXGetProcAddressEXT   -o CMakeFiles/cmTC_2253c.dir/CheckFunctionExists.c.o   -c /usr/share/cmake-3.10/Modules/CheckFunctionExists.c
Linking C executable cmTC_2253c
/usr/bin/cmake -E cmake_link_script CMakeFiles/cmTC_2253c.dir/link.txt --verbose=1
/usr/bin/cc  -DCHECK_FUNCTION_EXISTS=glXGetProcAddressEXT    -rdynamic CMakeFiles/cmTC_2253c.dir/CheckFunctionExists.c.o  -o cmTC_2253c /usr/lib/x86_64-linux-gnu/libGL.so 
CMakeFiles/cmTC_2253c.dir/CheckFunctionExists.c.o: In function `main':
CheckFunctionExists.c:(.text+0x10): undefined reference to `glXGetProcAddressEXT'
collect2: error: ld returned 1 exit status
CMakeFiles/cmTC_2253c.dir/build.make:98: recipe for target 'cmTC_2253c' failed
make[1]: *** [cmTC_2253c] Error 1
make[1]: Leaving directory '/home/cs18/Documents/GAMES101_Homework8_S2021/Assignment8/build/CMakeFiles/CMakeTmp'
Makefile:126: recipe for target 'cmTC_2253c/fast' failed
make: *** [cmTC_2253c/fast] Error 2


